<?xml version="1.0" encoding="UTF-8"?>
<!-- Generated by org.testng.reporters.JUnitReportReporter -->
<testsuite skipped="0" hostname="RRHH-PM-L15" name="com.tests.LoginPage_Test" tests="5" failures="0" timestamp="26 feb 2024 07:20:46 GMT" time="192.267" errors="0">
  <testcase name="IncorrectPassword" time="59.757" classname="com.tests.LoginPage_Test"/>
  <testcase name="BackButton" time="53.695" classname="com.tests.LoginPage_Test"/>
  <testcase name="IncorrectUsername" time="7.570" classname="com.tests.LoginPage_Test"/>
  <testcase name="EmptyInputUsername" time="38.044" classname="com.tests.LoginPage_Test"/>
  <testcase name="CorrectLogin" time="33.201" classname="com.tests.LoginPage_Test"/>
</testsuite> <!-- com.tests.LoginPage_Test -->
