<?xml version="1.0" encoding="UTF-8"?>
<!-- Generated by org.testng.reporters.JUnitReportReporter -->
<testsuite skipped="0" hostname="RRHH-PM-L15" name="com.tests.LoginPage_Test" tests="5" failures="0" timestamp="26 feb 2024 06:50:56 GMT" time="208.052" errors="0">
  <testcase name="IncorrectPassword" time="63.732" classname="com.tests.LoginPage_Test"/>
  <testcase name="BackButton" time="57.652" classname="com.tests.LoginPage_Test"/>
  <testcase name="IncorrectUsername" time="7.440" classname="com.tests.LoginPage_Test"/>
  <testcase name="EmptyInputUsername" time="42.001" classname="com.tests.LoginPage_Test"/>
  <testcase name="CorrectLogin" time="37.227" classname="com.tests.LoginPage_Test"/>
</testsuite> <!-- com.tests.LoginPage_Test -->
