<?xml version="1.0" encoding="UTF-8"?>
<!-- Generated by org.testng.reporters.JUnitReportReporter -->
<testsuite hostname="192.168.1.6" failures="0" tests="1" name="com.tests.Test_LoginUser" time="72.069" errors="0" timestamp="2024-02-23T23:53:54 CST" skipped="0">
  <testcase classname="com.tests.Test_LoginUser" name="Test_CorrectLogin" time="72.069"/>
</testsuite> <!-- com.tests.Test_LoginUser -->
