<?xml version="1.0" encoding="UTF-8"?>
<!-- Generated by org.testng.reporters.JUnitReportReporter -->
<testsuite hostname="RRHH-PM-L15" failures="0" tests="5" name="com.tests.LoginPage_Test" time="211.151" errors="0" timestamp="2024-02-25T01:24:58 CST" skipped="0">
  <testcase classname="com.tests.LoginPage_Test" name="CorrectLogin" time="37.246"/>
  <testcase classname="com.tests.LoginPage_Test" name="BackButton" time="59.588"/>
  <testcase classname="com.tests.LoginPage_Test" name="IncorrectUsername" time="7.988"/>
  <testcase classname="com.tests.LoginPage_Test" name="IncorrectPassword" time="65.376"/>
  <testcase classname="com.tests.LoginPage_Test" name="EmptyInputUsername" time="40.953"/>
</testsuite> <!-- com.tests.LoginPage_Test -->
